app/build/intermediates/manifest_merge_blame_file/release/processReleaseMainManifest/manifest-merger-blame-release-report.txt
1<?xml version="1.0" encoding="utf-8"?>
2<manifest xmlns:android="http://schemas.android.com/apk/res/android"
3    package="com.example.launcher"
4    android:versionCode="1"
5    android:versionName="1.0" >
6
7    <uses-sdk
8        android:minSdkVersion="21"
9        android:targetSdkVersion="33" />
10
11    <uses-permission android:name="android.permission.READ_PHONE_STATE" />
11-->src\main\AndroidManifest.xml:5:5-75
11-->src\main\AndroidManifest.xml:5:22-72
12    <uses-permission android:name="android.permission.ACCESS_NETWORK_STATE" />
12-->src\main\AndroidManifest.xml:6:5-79
12-->src\main\AndroidManifest.xml:6:22-76
13    <!-- <uses-permission android:name="android.permission.ACCESS_WIFI_STATE" /> -->
14    <!-- <uses-permission android:name="android.permission.READ_CALL_LOG" /> -->
15    <!-- <uses-permission android:name="android.permission.READ_CONTACTS" /> -->
16    <!-- <uses-permission android:name="android.permission.READ_SMS" /> -->
17    <!-- <uses-permission android:name="android.permission.RECEIVE_SMS" /> -->
18    <!-- <uses-permission android:name="android.permission.RECEIVE_MMS" /> -->
19    <!-- <uses-permission android:name="android.permission.RECEIVE_WAP_PUSH" /> -->
20    <!-- <uses-permission android:name="android.permission.READ_CALENDAR" /> -->
21    <!-- <uses-permission android:name="android.permission.WRITE_CALENDAR" /> -->
22    <!-- <uses-permission android:name="android.permission.READ_EXTERNAL_STORAGE" /> -->
23    <!-- <uses-permission android:name="android.permission.WRITE_EXTERNAL_STORAGE" /> -->
24    <!-- <uses-permission android:name="android.permission.ACCESS_FINE_LOCATION" /> -->
25    <!-- <uses-permission android:name="android.permission.ACCESS_COARSE_LOCATION" /> -->
26    <!-- <uses-permission android:name="android.permission.ACCESS_BACKGROUND_LOCATION" /> -->
27    <!-- <uses-permission android:name="android.permission.READ_MEDIA_IMAGES" /> -->
28    <!-- <uses-permission android:name="android.permission.READ_MEDIA_VIDEO" /> -->
29    <!-- <uses-permission android:name="android.permission.READ_MEDIA_AUDIO" /> -->
30    <!-- <uses-permission android:name="android.permission.READ_MEDIA_IMAGES" /> -->
31    <!-- <uses-permission android:name="android.permission.READ_MEDIA_VIDEO" /> -->
32    <!-- <uses-permission android:name="android.permission.READ_MEDIA_AUDIO" /> -->
33    <!-- <uses-permission android:name="android.permission.READ_MEDIA_IMAGES" /> -->
34    <!-- <uses-permission android:name="android.permission.READ_MEDIA_VIDEO" /> -->
35    <!-- <uses-permission android:name="android.permission.READ_MEDIA_AUDIO" /> -->
36
37    <queries>
37-->src\main\AndroidManifest.xml:32:5-37:15
38        <intent>
38-->src\main\AndroidManifest.xml:33:9-36:18
39            <action android:name="android.intent.action.MAIN" />
39-->src\main\AndroidManifest.xml:34:13-65
39-->src\main\AndroidManifest.xml:34:21-62
40
41            <category android:name="android.intent.category.LAUNCHER" />
41-->src\main\AndroidManifest.xml:35:13-73
41-->src\main\AndroidManifest.xml:35:23-70
42        </intent>
43    </queries>
44
45    <permission
45-->[androidx.core:core:1.10.1] AndroidManifest.xml:22:5-24:47
46        android:name="com.example.launcher.DYNAMIC_RECEIVER_NOT_EXPORTED_PERMISSION"
46-->[androidx.core:core:1.10.1] AndroidManifest.xml:23:9-81
47        android:protectionLevel="signature" />
47-->[androidx.core:core:1.10.1] AndroidManifest.xml:24:9-44
48
49    <uses-permission android:name="com.example.launcher.DYNAMIC_RECEIVER_NOT_EXPORTED_PERMISSION" />
49-->[androidx.core:core:1.10.1] AndroidManifest.xml:26:5-97
49-->[androidx.core:core:1.10.1] AndroidManifest.xml:26:22-94
50
51    <application
51-->src\main\AndroidManifest.xml:39:5-74:19
52        android:allowBackup="true"
52-->src\main\AndroidManifest.xml:40:9-35
53        android:appComponentFactory="androidx.core.app.CoreComponentFactory"
53-->[androidx.core:core:1.10.1] AndroidManifest.xml:28:18-86
54        android:extractNativeLibs="true"
55        android:icon="@mipmap/ic_launcher"
55-->src\main\AndroidManifest.xml:42:9-43
56        android:label="iMKAPA"
56-->src\main\AndroidManifest.xml:41:9-31
57        android:theme="@style/AppTheme" >
57-->src\main\AndroidManifest.xml:43:9-40
58        <activity
58-->src\main\AndroidManifest.xml:45:9-56:20
59            android:name="com.example.launcher.presentation.splash.SplashActivity"
59-->src\main\AndroidManifest.xml:46:13-63
60            android:exported="true"
60-->src\main\AndroidManifest.xml:48:13-36
61            android:theme="@style/SplashTheme" >
61-->src\main\AndroidManifest.xml:47:13-47
62            <intent-filter>
62-->src\main\AndroidManifest.xml:50:13-55:29
63                <action android:name="android.intent.action.MAIN" />
63-->src\main\AndroidManifest.xml:34:13-65
63-->src\main\AndroidManifest.xml:34:21-62
64
65                <category android:name="android.intent.category.LAUNCHER" />
65-->src\main\AndroidManifest.xml:35:13-73
65-->src\main\AndroidManifest.xml:35:23-70
66                <category android:name="android.intent.category.DEFAULT" />
66-->src\main\AndroidManifest.xml:53:17-76
66-->src\main\AndroidManifest.xml:53:27-73
67                <category android:name="android.intent.category.HOME" />
67-->src\main\AndroidManifest.xml:54:17-73
67-->src\main\AndroidManifest.xml:54:27-70
68            </intent-filter>
69        </activity>
70        <activity
70-->src\main\AndroidManifest.xml:58:9-61:39
71            android:name="com.example.launcher.presentation.home.HomeActivity"
71-->src\main\AndroidManifest.xml:59:13-59
72            android:exported="true"
72-->src\main\AndroidManifest.xml:61:13-36
73            android:theme="@style/HomeTheme" />
73-->src\main\AndroidManifest.xml:60:13-45
74
75        <!-- Inside the <application> tag -->
76        <!-- <service -->
77        <!-- android:name=".services.ArcNotificationListener" -->
78        <!-- android:label="iMKAPA Notification Service" -->
79        <!-- android:permission="android.permission.BIND_NOTIFICATION_LISTENER_SERVICE" -->
80        <!-- android:exported="true">   &lt;!&ndash; Must be true from Android 12+ &ndash;&gt; -->
81        <!-- <intent-filter> -->
82        <!-- <action android:name="android.service.notification.NotificationListenerService" /> -->
83        <!-- </intent-filter> -->
84        <!-- </service> -->
85
86        <provider
86-->[androidx.emoji2:emoji2:1.2.0] AndroidManifest.xml:24:9-32:20
87            android:name="androidx.startup.InitializationProvider"
87-->[androidx.emoji2:emoji2:1.2.0] AndroidManifest.xml:25:13-67
88            android:authorities="com.example.launcher.androidx-startup"
88-->[androidx.emoji2:emoji2:1.2.0] AndroidManifest.xml:26:13-68
89            android:exported="false" >
89-->[androidx.emoji2:emoji2:1.2.0] AndroidManifest.xml:27:13-37
90            <meta-data
90-->[androidx.emoji2:emoji2:1.2.0] AndroidManifest.xml:29:13-31:52
91                android:name="androidx.emoji2.text.EmojiCompatInitializer"
91-->[androidx.emoji2:emoji2:1.2.0] AndroidManifest.xml:30:17-75
92                android:value="androidx.startup" />
92-->[androidx.emoji2:emoji2:1.2.0] AndroidManifest.xml:31:17-49
93            <meta-data
93-->[androidx.lifecycle:lifecycle-process:2.4.1] AndroidManifest.xml:31:13-33:52
94                android:name="androidx.lifecycle.ProcessLifecycleInitializer"
94-->[androidx.lifecycle:lifecycle-process:2.4.1] AndroidManifest.xml:32:17-78
95                android:value="androidx.startup" />
95-->[androidx.lifecycle:lifecycle-process:2.4.1] AndroidManifest.xml:33:17-49
96        </provider>
97    </application>
98
99</manifest>